{"/Users/Mike.DiDomizio/projects/test/bot/get-changed-packages.ts": {"path":"/Users/Mike.DiDomizio/projects/test/bot/get-changed-packages.ts","statementMap":{"0":{"start":{"line":1,"column":0},"end":{"line":1,"column":28}},"1":{"start":{"line":2,"column":0},"end":{"line":2,"column":36}},"2":{"start":{"line":4,"column":0},"end":{"line":4,"column":31}},"3":{"start":{"line":5,"column":0},"end":{"line":5,"column":35}},"4":{"start":{"line":7,"column":0},"end":{"line":7,"column":68}},"5":{"start":{"line":8,"column":0},"end":{"line":8,"column":58}},"6":{"start":{"line":10,"column":0},"end":{"line":10,"column":47}},"7":{"start":{"line":12,"column":32},"end":{"line":198,"column":1}},"8":{"start":{"line":27,"column":19},"end":{"line":27,"column":24}},"9":{"start":{"line":28,"column":27},"end":{"line":30,"column":22}},"10":{"start":{"line":33,"column":4},"end":{"line":40,"column":6}},"11":{"start":{"line":44,"column":4},"end":{"line":50,"column":9}},"12":{"start":{"line":45,"column":19},"end":{"line":45,"column":27}},"13":{"start":{"line":47,"column":8},"end":{"line":47,"column":26}},"14":{"start":{"line":48,"column":8},"end":{"line":48,"column":27}},"15":{"start":{"line":49,"column":8},"end":{"line":49,"column":18}},"16":{"start":{"line":54,"column":4},"end":{"line":60,"column":9}},"17":{"start":{"line":55,"column":19},"end":{"line":55,"column":27}},"18":{"start":{"line":57,"column":8},"end":{"line":57,"column":26}},"19":{"start":{"line":58,"column":8},"end":{"line":58,"column":27}},"20":{"start":{"line":59,"column":8},"end":{"line":59,"column":18}},"21":{"start":{"line":64,"column":22},"end":{"line":64,"column":68}},"22":{"start":{"line":65,"column":4},"end":{"line":68,"column":6}},"23":{"start":{"line":71,"column":39},"end":{"line":71,"column":68}},"24":{"start":{"line":72,"column":36},"end":{"line":72,"column":75}},"25":{"start":{"line":74,"column":13},"end":{"line":79,"column":4}},"26":{"start":{"line":82,"column":51},"end":{"line":82,"column":53}},"27":{"start":{"line":83,"column":48},"end":{"line":83,"column":50}},"28":{"start":{"line":84,"column":15},"end":{"line":84,"column":20}},"29":{"start":{"line":85,"column":21},"end":{"line":85,"column":46}},"30":{"start":{"line":87,"column":2},"end":{"line":113,"column":null}},"31":{"start":{"line":88,"column":4},"end":{"line":88,"column":29}},"32":{"start":{"line":88,"column":20},"end":{"line":88,"column":29}},"33":{"start":{"line":89,"column":4},"end":{"line":112,"column":null}},"34":{"start":{"line":90,"column":20},"end":{"line":90,"column":47}},"35":{"start":{"line":91,"column":6},"end":{"line":91,"column":50}},"36":{"start":{"line":92,"column":11},"end":{"line":112,"column":null}},"37":{"start":{"line":93,"column":6},"end":{"line":93,"column":20}},"38":{"start":{"line":94,"column":11},"end":{"line":112,"column":null}},"39":{"start":{"line":95,"column":6},"end":{"line":95,"column":61}},"40":{"start":{"line":96,"column":11},"end":{"line":112,"column":null}},"41":{"start":{"line":102,"column":16},"end":{"line":102,"column":59}},"42":{"start":{"line":103,"column":6},"end":{"line":105,"column":null}},"43":{"start":{"line":104,"column":8},"end":{"line":104,"column":70}},"44":{"start":{"line":106,"column":15},"end":{"line":106,"column":21}},"45":{"start":{"line":107,"column":6},"end":{"line":111,"column":8}},"46":{"start":{"line":109,"column":10},"end":{"line":109,"column":49}},"47":{"start":{"line":121,"column":2},"end":{"line":150,"column":null}},"48":{"start":{"line":122,"column":4},"end":{"line":125,"column":6}},"49":{"start":{"line":127,"column":33},"end":{"line":127,"column":69}},"50":{"start":{"line":129,"column":4},"end":{"line":149,"column":null}},"51":{"start":{"line":130,"column":6},"end":{"line":140,"column":null}},"52":{"start":{"line":131,"column":8},"end":{"line":134,"column":10}},"53":{"start":{"line":136,"column":8},"end":{"line":139,"column":10}},"54":{"start":{"line":141,"column":11},"end":{"line":149,"column":null}},"55":{"start":{"line":145,"column":6},"end":{"line":148,"column":8}},"56":{"start":{"line":152,"column":31},"end":{"line":152,"column":67}},"57":{"start":{"line":154,"column":27},"end":{"line":161,"column":4}},"58":{"start":{"line":163,"column":2},"end":{"line":177,"column":null}},"59":{"start":{"line":164,"column":4},"end":{"line":169,"column":null}},"60":{"start":{"line":166,"column":31},"end":{"line":166,"column":52}},"61":{"start":{"line":168,"column":6},"end":{"line":168,"column":76}},"62":{"start":{"line":170,"column":18},"end":{"line":170,"column":71}},"63":{"start":{"line":172,"column":4},"end":{"line":174,"column":6}},"64":{"start":{"line":173,"column":27},"end":{"line":173,"column":42}},"65":{"start":{"line":176,"column":4},"end":{"line":176,"column":42}},"66":{"start":{"line":178,"column":2},"end":{"line":180,"column":null}},"67":{"start":{"line":179,"column":4},"end":{"line":179,"column":61}},"68":{"start":{"line":182,"column":22},"end":{"line":186,"column":null}},"69":{"start":{"line":185,"column":44},"end":{"line":185,"column":76}},"70":{"start":{"line":189,"column":2},"end":{"line":197,"column":4}},"71":{"start":{"line":193,"column":10},"end":{"line":193,"column":75}},"72":{"start":{"line":193,"column":45},"end":{"line":193,"column":74}},"73":{"start":{"line":195,"column":17},"end":{"line":195,"column":35}},"74":{"start":{"line":12,"column":11},"end":{"line":12,"column":32}}},"fnMap":{"0":{"name":"(anonymous_1)","decl":{"start":{"line":12,"column":32},"end":{"line":12,"column":37}},"loc":{"start":{"line":26,"column":5},"end":{"line":198,"column":1}}},"1":{"name":"fetchFile","decl":{"start":{"line":32,"column":11},"end":{"line":32,"column":20}},"loc":{"start":{"line":32,"column":33},"end":{"line":41,"column":3}}},"2":{"name":"fetchJsonFile","decl":{"start":{"line":43,"column":11},"end":{"line":43,"column":24}},"loc":{"start":{"line":43,"column":37},"end":{"line":51,"column":3}}},"3":{"name":"(anonymous_4)","decl":{"start":{"line":45,"column":12},"end":{"line":45,"column":13}},"loc":{"start":{"line":45,"column":19},"end":{"line":45,"column":27}}},"4":{"name":"(anonymous_5)","decl":{"start":{"line":46,"column":13},"end":{"line":46,"column":14}},"loc":{"start":{"line":46,"column":21},"end":{"line":50,"column":7}}},"5":{"name":"fetchTextFile","decl":{"start":{"line":53,"column":11},"end":{"line":53,"column":24}},"loc":{"start":{"line":53,"column":37},"end":{"line":61,"column":3}}},"6":{"name":"(anonymous_7)","decl":{"start":{"line":55,"column":12},"end":{"line":55,"column":13}},"loc":{"start":{"line":55,"column":19},"end":{"line":55,"column":27}}},"7":{"name":"(anonymous_8)","decl":{"start":{"line":56,"column":13},"end":{"line":56,"column":14}},"loc":{"start":{"line":56,"column":21},"end":{"line":60,"column":7}}},"8":{"name":"getPackage","decl":{"start":{"line":63,"column":17},"end":{"line":63,"column":27}},"loc":{"start":{"line":63,"column":43},"end":{"line":69,"column":3}}},"9":{"name":"(anonymous_10)","decl":{"start":{"line":108,"column":38},"end":{"line":108,"column":39}},"loc":{"start":{"line":108,"column":47},"end":{"line":110,"column":9}}},"10":{"name":"(anonymous_11)","decl":{"start":{"line":166,"column":24},"end":{"line":166,"column":25}},"loc":{"start":{"line":166,"column":31},"end":{"line":166,"column":52}}},"11":{"name":"(anonymous_12)","decl":{"start":{"line":173,"column":18},"end":{"line":173,"column":19}},"loc":{"start":{"line":173,"column":27},"end":{"line":173,"column":42}}},"12":{"name":"(anonymous_13)","decl":{"start":{"line":185,"column":29},"end":{"line":185,"column":30}},"loc":{"start":{"line":185,"column":44},"end":{"line":185,"column":76}}},"13":{"name":"(anonymous_14)","decl":{"start":{"line":192,"column":33},"end":{"line":192,"column":34}},"loc":{"start":{"line":193,"column":10},"end":{"line":193,"column":75}}},"14":{"name":"(anonymous_15)","decl":{"start":{"line":193,"column":28},"end":{"line":193,"column":29}},"loc":{"start":{"line":193,"column":45},"end":{"line":193,"column":74}}},"15":{"name":"(anonymous_16)","decl":{"start":{"line":195,"column":10},"end":{"line":195,"column":11}},"loc":{"start":{"line":195,"column":17},"end":{"line":195,"column":35}}}},"branchMap":{"0":{"loc":{"start":{"line":88,"column":4},"end":{"line":88,"column":29}},"type":"if","locations":[{"start":{"line":88,"column":4},"end":{"line":88,"column":29}}]},"1":{"loc":{"start":{"line":89,"column":4},"end":{"line":112,"column":null}},"type":"if","locations":[{"start":{"line":89,"column":4},"end":{"line":112,"column":null}},{"start":{"line":92,"column":11},"end":{"line":112,"column":null}}]},"2":{"loc":{"start":{"line":92,"column":11},"end":{"line":112,"column":null}},"type":"if","locations":[{"start":{"line":92,"column":11},"end":{"line":112,"column":null}},{"start":{"line":94,"column":11},"end":{"line":112,"column":null}}]},"3":{"loc":{"start":{"line":94,"column":11},"end":{"line":112,"column":null}},"type":"if","locations":[{"start":{"line":94,"column":11},"end":{"line":112,"column":null}},{"start":{"line":96,"column":11},"end":{"line":112,"column":null}}]},"4":{"loc":{"start":{"line":96,"column":11},"end":{"line":112,"column":null}},"type":"if","locations":[{"start":{"line":96,"column":11},"end":{"line":112,"column":null}}]},"5":{"loc":{"start":{"line":97,"column":6},"end":{"line":100,"column":38}},"type":"binary-expr","locations":[{"start":{"line":97,"column":6},"end":{"line":97,"column":42}},{"start":{"line":98,"column":6},"end":{"line":98,"column":40}},{"start":{"line":99,"column":6},"end":{"line":99,"column":31}},{"start":{"line":100,"column":6},"end":{"line":100,"column":38}}]},"6":{"loc":{"start":{"line":103,"column":6},"end":{"line":105,"column":null}},"type":"if","locations":[{"start":{"line":103,"column":6},"end":{"line":105,"column":null}}]},"7":{"loc":{"start":{"line":121,"column":2},"end":{"line":150,"column":null}},"type":"if","locations":[{"start":{"line":121,"column":2},"end":{"line":150,"column":null}},{"start":{"line":126,"column":9},"end":{"line":150,"column":null}}]},"8":{"loc":{"start":{"line":129,"column":4},"end":{"line":149,"column":null}},"type":"if","locations":[{"start":{"line":129,"column":4},"end":{"line":149,"column":null}},{"start":{"line":141,"column":11},"end":{"line":149,"column":null}}]},"9":{"loc":{"start":{"line":130,"column":6},"end":{"line":140,"column":null}},"type":"if","locations":[{"start":{"line":130,"column":6},"end":{"line":140,"column":null}},{"start":{"line":135,"column":13},"end":{"line":140,"column":null}}]},"10":{"loc":{"start":{"line":141,"column":11},"end":{"line":149,"column":null}},"type":"if","locations":[{"start":{"line":141,"column":11},"end":{"line":149,"column":null}}]},"11":{"loc":{"start":{"line":142,"column":6},"end":{"line":143,"column":44}},"type":"binary-expr","locations":[{"start":{"line":142,"column":6},"end":{"line":142,"column":33}},{"start":{"line":143,"column":6},"end":{"line":143,"column":44}}]},"12":{"loc":{"start":{"line":159,"column":10},"end":{"line":159,"column":35}},"type":"cond-expr","locations":[{"start":{"line":159,"column":17},"end":{"line":159,"column":26}},{"start":{"line":159,"column":29},"end":{"line":159,"column":35}}]},"13":{"loc":{"start":{"line":163,"column":2},"end":{"line":177,"column":null}},"type":"if","locations":[{"start":{"line":163,"column":2},"end":{"line":177,"column":null}},{"start":{"line":175,"column":9},"end":{"line":177,"column":null}}]},"14":{"loc":{"start":{"line":164,"column":4},"end":{"line":169,"column":null}},"type":"if","locations":[{"start":{"line":164,"column":4},"end":{"line":169,"column":null}}]},"15":{"loc":{"start":{"line":165,"column":6},"end":{"line":166,"column":53}},"type":"binary-expr","locations":[{"start":{"line":165,"column":6},"end":{"line":165,"column":32}},{"start":{"line":166,"column":6},"end":{"line":166,"column":53}}]},"16":{"loc":{"start":{"line":178,"column":2},"end":{"line":180,"column":null}},"type":"if","locations":[{"start":{"line":178,"column":2},"end":{"line":180,"column":null}}]},"17":{"loc":{"start":{"line":190,"column":22},"end":{"line":193,"column":null}},"type":"cond-expr","locations":[{"start":{"line":191,"column":8},"end":{"line":191,"column":25}},{"start":{"line":192,"column":8},"end":{"line":193,"column":null}}]}},"s":{"0":1,"1":1,"2":1,"3":1,"4":1,"5":1,"6":1,"7":1,"8":3,"9":3,"10":6,"11":6,"12":6,"13":0,"14":0,"15":0,"16":0,"17":0,"18":0,"19":0,"20":0,"21":0,"22":0,"23":3,"24":3,"25":3,"26":3,"27":3,"28":3,"29":3,"30":3,"31":0,"32":0,"33":0,"34":0,"35":0,"36":0,"37":0,"38":0,"39":0,"40":0,"41":0,"42":0,"43":0,"44":0,"45":0,"46":0,"47":3,"48":0,"49":3,"50":3,"51":0,"52":0,"53":0,"54":3,"55":0,"56":3,"57":3,"58":3,"59":0,"60":0,"61":0,"62":0,"63":0,"64":0,"65":3,"66":3,"67":0,"68":3,"69":3,"70":3,"71":0,"72":0,"73":3,"74":1},"f":{"0":3,"1":6,"2":6,"3":6,"4":0,"5":0,"6":0,"7":0,"8":0,"9":0,"10":0,"11":0,"12":3,"13":0,"14":0,"15":3},"b":{"0":[0],"1":[0,0],"2":[0,0],"3":[0,0],"4":[0],"5":[0,0,0,0],"6":[0],"7":[0,3],"8":[0,3],"9":[0,0],"10":[0],"11":[3,0],"12":[0,3],"13":[0,3],"14":[0],"15":[0,0],"16":[0],"17":[3,0]}}
,"/Users/Mike.DiDomizio/projects/test/bot/index.ts": {"path":"/Users/Mike.DiDomizio/projects/test/bot/index.ts","statementMap":{"0":{"start":{"line":2,"column":0},"end":{"line":2,"column":31}},"1":{"start":{"line":5,"column":0},"end":{"line":5,"column":60}},"2":{"start":{"line":11,"column":0},"end":{"line":11,"column":43}},"3":{"start":{"line":12,"column":0},"end":{"line":12,"column":48}},"4":{"start":{"line":13,"column":0},"end":{"line":13,"column":53}},"5":{"start":{"line":15,"column":30},"end":{"line":54,"column":1}},"6":{"start":{"line":16,"column":2},"end":{"line":16,"column":30}},"7":{"start":{"line":16,"column":20},"end":{"line":16,"column":30}},"8":{"start":{"line":18,"column":30},"end":{"line":20,"column":null}},"9":{"start":{"line":20,"column":6},"end":{"line":20,"column":23}},"10":{"start":{"line":23,"column":14},"end":{"line":35,"column":4}},"11":{"start":{"line":26,"column":6},"end":{"line":33,"column":8}},"12":{"start":{"line":37,"column":2},"end":{"line":53,"column":12}},"13":{"start":{"line":56,"column":25},"end":{"line":72,"column":2}},"14":{"start":{"line":60,"column":5},"end":{"line":72,"column":2}},"15":{"start":{"line":74,"column":26},"end":{"line":90,"column":2}},"16":{"start":{"line":78,"column":5},"end":{"line":90,"column":2}},"17":{"start":{"line":92,"column":32},"end":{"line":98,"column":2}},"18":{"start":{"line":93,"column":2},"end":{"line":98,"column":2}},"19":{"start":{"line":94,"column":29},"end":{"line":94,"column":44}},"20":{"start":{"line":105,"column":21},"end":{"line":117,"column":4}},"21":{"start":{"line":109,"column":2},"end":{"line":117,"column":4}},"22":{"start":{"line":110,"column":32},"end":{"line":114,"column":null}},"23":{"start":{"line":113,"column":8},"end":{"line":114,"column":58}},"24":{"start":{"line":116,"column":4},"end":{"line":116,"column":63}},"25":{"start":{"line":119,"column":30},"end":{"line":128,"column":null}},"26":{"start":{"line":122,"column":2},"end":{"line":128,"column":null}},"27":{"start":{"line":123,"column":4},"end":{"line":127,"column":null}},"28":{"start":{"line":125,"column":8},"end":{"line":127,"column":48}},"29":{"start":{"line":131,"column":0},"end":{"line":241,"column":2}},"30":{"start":{"line":132,"column":2},"end":{"line":132,"column":13}},"31":{"start":{"line":133,"column":2},"end":{"line":133,"column":38}},"32":{"start":{"line":135,"column":2},"end":{"line":238,"column":4}},"33":{"start":{"line":138,"column":6},"end":{"line":142,"column":null}},"34":{"start":{"line":141,"column":8},"end":{"line":141,"column":15}},"35":{"start":{"line":144,"column":40},"end":{"line":144,"column":42}},"36":{"start":{"line":146,"column":6},"end":{"line":236,"column":null}},"37":{"start":{"line":147,"column":21},"end":{"line":147,"column":43}},"38":{"start":{"line":149,"column":19},"end":{"line":152,"column":10}},"39":{"start":{"line":154,"column":32},"end":{"line":154,"column":69}},"40":{"start":{"line":155,"column":34},"end":{"line":158,"column":10}},"41":{"start":{"line":161,"column":10},"end":{"line":197,"column":21}},"42":{"start":{"line":175,"column":16},"end":{"line":175,"column":45}},"43":{"start":{"line":175,"column":34},"end":{"line":175,"column":44}},"44":{"start":{"line":186,"column":14},"end":{"line":191,"column":null}},"45":{"start":{"line":187,"column":16},"end":{"line":187,"column":208}},"46":{"start":{"line":189,"column":16},"end":{"line":189,"column":35}},"47":{"start":{"line":190,"column":16},"end":{"line":190,"column":38}},"48":{"start":{"line":192,"column":14},"end":{"line":195,"column":16}},"49":{"start":{"line":199,"column":30},"end":{"line":209,"column":11}},"50":{"start":{"line":211,"column":24},"end":{"line":221,"column":10}},"51":{"start":{"line":223,"column":8},"end":{"line":228,"column":null}},"52":{"start":{"line":224,"column":10},"end":{"line":227,"column":13}},"53":{"start":{"line":229,"column":8},"end":{"line":232,"column":11}},"54":{"start":{"line":234,"column":8},"end":{"line":234,"column":27}},"55":{"start":{"line":235,"column":8},"end":{"line":235,"column":18}},"56":{"start":{"line":240,"column":2},"end":{"line":240,"column":null}}},"fnMap":{"0":{"name":"(anonymous_1)","decl":{"start":{"line":15,"column":30},"end":{"line":15,"column":31}},"loc":{"start":{"line":15,"column":66},"end":{"line":54,"column":1}}},"1":{"name":"(anonymous_2)","decl":{"start":{"line":19,"column":4},"end":{"line":19,"column":5}},"loc":{"start":{"line":20,"column":6},"end":{"line":20,"column":23}}},"2":{"name":"(anonymous_3)","decl":{"start":{"line":25,"column":31},"end":{"line":25,"column":32}},"loc":{"start":{"line":25,"column":37},"end":{"line":34,"column":5}}},"3":{"name":"(anonymous_4)","decl":{"start":{"line":56,"column":25},"end":{"line":56,"column":null}},"loc":{"start":{"line":60,"column":5},"end":{"line":72,"column":2}}},"4":{"name":"(anonymous_5)","decl":{"start":{"line":74,"column":26},"end":{"line":74,"column":null}},"loc":{"start":{"line":78,"column":5},"end":{"line":90,"column":2}}},"5":{"name":"(anonymous_6)","decl":{"start":{"line":92,"column":32},"end":{"line":92,"column":33}},"loc":{"start":{"line":93,"column":2},"end":{"line":98,"column":2}}},"6":{"name":"(anonymous_7)","decl":{"start":{"line":94,"column":22},"end":{"line":94,"column":23}},"loc":{"start":{"line":94,"column":29},"end":{"line":94,"column":44}}},"7":{"name":"(anonymous_8)","decl":{"start":{"line":105,"column":21},"end":{"line":105,"column":null}},"loc":{"start":{"line":109,"column":2},"end":{"line":117,"column":4}}},"8":{"name":"(anonymous_9)","decl":{"start":{"line":109,"column":51},"end":{"line":109,"column":52}},"loc":{"start":{"line":109,"column":64},"end":{"line":117,"column":3}}},"9":{"name":"(anonymous_10)","decl":{"start":{"line":112,"column":6},"end":{"line":112,"column":7}},"loc":{"start":{"line":113,"column":8},"end":{"line":114,"column":58}}},"10":{"name":"(anonymous_11)","decl":{"start":{"line":119,"column":30},"end":{"line":119,"column":null}},"loc":{"start":{"line":122,"column":2},"end":{"line":128,"column":null}}},"11":{"name":"(anonymous_12)","decl":{"start":{"line":122,"column":27},"end":{"line":122,"column":28}},"loc":{"start":{"line":123,"column":4},"end":{"line":127,"column":null}}},"12":{"name":"(anonymous_13)","decl":{"start":{"line":124,"column":6},"end":{"line":124,"column":7}},"loc":{"start":{"line":125,"column":8},"end":{"line":127,"column":48}}},"13":{"name":"(anonymous_14)","decl":{"start":{"line":131,"column":15},"end":{"line":131,"column":16}},"loc":{"start":{"line":131,"column":31},"end":{"line":241,"column":1}}},"14":{"name":"(anonymous_15)","decl":{"start":{"line":137,"column":4},"end":{"line":137,"column":9}},"loc":{"start":{"line":137,"column":22},"end":{"line":237,"column":5}}},"15":{"name":"(anonymous_16)","decl":{"start":{"line":174,"column":53},"end":{"line":174,"column":54}},"loc":{"start":{"line":175,"column":16},"end":{"line":175,"column":45}}},"16":{"name":"(anonymous_17)","decl":{"start":{"line":175,"column":27},"end":{"line":175,"column":28}},"loc":{"start":{"line":175,"column":34},"end":{"line":175,"column":44}}},"17":{"name":"(anonymous_18)","decl":{"start":{"line":185,"column":21},"end":{"line":185,"column":22}},"loc":{"start":{"line":185,"column":29},"end":{"line":196,"column":13}}}},"branchMap":{"0":{"loc":{"start":{"line":16,"column":2},"end":{"line":16,"column":30}},"type":"if","locations":[{"start":{"line":16,"column":2},"end":{"line":16,"column":30}}]},"1":{"loc":{"start":{"line":38,"column":4},"end":{"line":44,"column":null}},"type":"cond-expr","locations":[{"start":{"line":39,"column":8},"end":{"line":43,"column":10}},{"start":{"line":44,"column":8},"end":{"line":44,"column":null}}]},"2":{"loc":{"start":{"line":40,"column":10},"end":{"line":42,"column":null}},"type":"cond-expr","locations":[{"start":{"line":41,"column":14},"end":{"line":41,"column":25}},{"start":{"line":42,"column":14},"end":{"line":42,"column":null}}]},"3":{"loc":{"start":{"line":48,"column":4},"end":{"line":50,"column":null}},"type":"cond-expr","locations":[{"start":{"line":49,"column":8},"end":{"line":49,"column":13}},{"start":{"line":50,"column":8},"end":{"line":50,"column":null}}]},"4":{"loc":{"start":{"line":113,"column":8},"end":{"line":114,"column":58}},"type":"binary-expr","locations":[{"start":{"line":113,"column":8},"end":{"line":113,"column":52}},{"start":{"line":114,"column":8},"end":{"line":114,"column":58}}]},"5":{"loc":{"start":{"line":116,"column":11},"end":{"line":116,"column":62}},"type":"cond-expr","locations":[{"start":{"line":116,"column":33},"end":{"line":116,"column":55}},{"start":{"line":116,"column":58},"end":{"line":116,"column":62}}]},"6":{"loc":{"start":{"line":125,"column":8},"end":{"line":127,"column":48}},"type":"binary-expr","locations":[{"start":{"line":125,"column":8},"end":{"line":125,"column":31}},{"start":{"line":126,"column":8},"end":{"line":126,"column":51}},{"start":{"line":127,"column":8},"end":{"line":127,"column":48}}]},"7":{"loc":{"start":{"line":138,"column":6},"end":{"line":142,"column":null}},"type":"if","locations":[{"start":{"line":138,"column":6},"end":{"line":142,"column":null}}]},"8":{"loc":{"start":{"line":166,"column":12},"end":{"line":168,"column":25}},"type":"cond-expr","locations":[{"start":{"line":167,"column":16},"end":{"line":167,"column":72}},{"start":{"line":168,"column":16},"end":{"line":168,"column":25}}]},"9":{"loc":{"start":{"line":186,"column":14},"end":{"line":191,"column":null}},"type":"if","locations":[{"start":{"line":186,"column":14},"end":{"line":191,"column":null}},{"start":{"line":188,"column":21},"end":{"line":191,"column":null}}]},"10":{"loc":{"start":{"line":214,"column":13},"end":{"line":219,"column":null}},"type":"cond-expr","locations":[{"start":{"line":215,"column":16},"end":{"line":215,"column":80}},{"start":{"line":216,"column":16},"end":{"line":219,"column":null}}]},"11":{"loc":{"start":{"line":223,"column":8},"end":{"line":228,"column":null}},"type":"if","locations":[{"start":{"line":223,"column":8},"end":{"line":228,"column":null}}]}},"s":{"0":1,"1":1,"2":1,"3":1,"4":1,"5":1,"6":3,"7":0,"8":3,"9":0,"10":3,"11":0,"12":3,"13":1,"14":1,"15":1,"16":2,"17":1,"18":3,"19":3,"20":1,"21":1,"22":1,"23":1,"24":1,"25":1,"26":3,"27":3,"28":3,"29":1,"30":4,"31":4,"32":4,"33":4,"34":1,"35":3,"36":3,"37":3,"38":3,"39":3,"40":3,"41":3,"42":3,"43":3,"44":0,"45":0,"46":0,"47":0,"48":0,"49":3,"50":3,"51":3,"52":1,"53":2,"54":0,"55":0,"56":4},"f":{"0":3,"1":0,"2":0,"3":1,"4":2,"5":3,"6":3,"7":1,"8":1,"9":1,"10":3,"11":3,"12":3,"13":4,"14":4,"15":3,"16":3,"17":0},"b":{"0":[0],"1":[0,3],"2":[0,0],"3":[0,3],"4":[1,0],"5":[1,0],"6":[3,3,2],"7":[1],"8":[1,2],"9":[0,0],"10":[2,1],"11":[1]}}
}
