TN:
SF:get-changed-packages.ts
FN:12,(anonymous_1)
FN:32,fetchFile
FN:43,fetchJsonFile
FN:45,(anonymous_4)
FN:46,(anonymous_5)
FN:53,fetchTextFile
FN:55,(anonymous_7)
FN:56,(anonymous_8)
FN:63,getPackage
FN:108,(anonymous_10)
FN:166,(anonymous_11)
FN:173,(anonymous_12)
FN:185,(anonymous_13)
FN:192,(anonymous_14)
FN:193,(anonymous_15)
FN:195,(anonymous_16)
FNF:16
FNH:6
FNDA:3,(anonymous_1)
FNDA:6,fetchFile
FNDA:6,fetchJsonFile
FNDA:6,(anonymous_4)
FNDA:0,(anonymous_5)
FNDA:0,fetchTextFile
FNDA:0,(anonymous_7)
FNDA:0,(anonymous_8)
FNDA:0,getPackage
FNDA:0,(anonymous_10)
FNDA:0,(anonymous_11)
FNDA:0,(anonymous_12)
FNDA:3,(anonymous_13)
FNDA:0,(anonymous_14)
FNDA:0,(anonymous_15)
FNDA:3,(anonymous_16)
DA:1,1
DA:2,1
DA:4,1
DA:5,1
DA:7,1
DA:8,1
DA:10,1
DA:12,1
DA:27,3
DA:28,3
DA:33,6
DA:44,6
DA:45,6
DA:47,0
DA:48,0
DA:49,0
DA:54,0
DA:55,0
DA:57,0
DA:58,0
DA:59,0
DA:64,0
DA:65,0
DA:71,3
DA:72,3
DA:74,3
DA:82,3
DA:83,3
DA:84,3
DA:85,3
DA:87,3
DA:88,0
DA:89,0
DA:90,0
DA:91,0
DA:92,0
DA:93,0
DA:94,0
DA:95,0
DA:96,0
DA:102,0
DA:103,0
DA:104,0
DA:106,0
DA:107,0
DA:109,0
DA:121,3
DA:122,0
DA:127,3
DA:129,3
DA:130,0
DA:131,0
DA:136,0
DA:141,3
DA:145,0
DA:152,3
DA:154,3
DA:163,3
DA:164,0
DA:166,0
DA:168,0
DA:170,0
DA:172,0
DA:173,0
DA:176,3
DA:178,3
DA:179,0
DA:182,3
DA:185,3
DA:189,3
DA:193,0
DA:195,3
LF:72
LH:34
BRDA:88,0,0,0
BRDA:89,1,0,0
BRDA:89,1,1,0
BRDA:92,2,0,0
BRDA:92,2,1,0
BRDA:94,3,0,0
BRDA:94,3,1,0
BRDA:96,4,0,0
BRDA:97,5,0,0
BRDA:97,5,1,0
BRDA:97,5,2,0
BRDA:97,5,3,0
BRDA:103,6,0,0
BRDA:121,7,0,0
BRDA:121,7,1,3
BRDA:129,8,0,0
BRDA:129,8,1,3
BRDA:130,9,0,0
BRDA:130,9,1,0
BRDA:141,10,0,0
BRDA:142,11,0,3
BRDA:142,11,1,0
BRDA:159,12,0,0
BRDA:159,12,1,3
BRDA:163,13,0,0
BRDA:163,13,1,3
BRDA:164,14,0,0
BRDA:165,15,0,0
BRDA:165,15,1,0
BRDA:178,16,0,0
BRDA:190,17,0,3
BRDA:190,17,1,0
BRF:32
BRH:6
end_of_record
TN:
SF:index.ts
FN:15,(anonymous_1)
FN:19,(anonymous_2)
FN:25,(anonymous_3)
FN:56,(anonymous_4)
FN:74,(anonymous_5)
FN:92,(anonymous_6)
FN:94,(anonymous_7)
FN:105,(anonymous_8)
FN:109,(anonymous_9)
FN:112,(anonymous_10)
FN:119,(anonymous_11)
FN:122,(anonymous_12)
FN:124,(anonymous_13)
FN:131,(anonymous_14)
FN:137,(anonymous_15)
FN:174,(anonymous_16)
FN:175,(anonymous_17)
FN:185,(anonymous_18)
FNF:18
FNH:15
FNDA:3,(anonymous_1)
FNDA:0,(anonymous_2)
FNDA:0,(anonymous_3)
FNDA:1,(anonymous_4)
FNDA:2,(anonymous_5)
FNDA:3,(anonymous_6)
FNDA:3,(anonymous_7)
FNDA:1,(anonymous_8)
FNDA:1,(anonymous_9)
FNDA:1,(anonymous_10)
FNDA:3,(anonymous_11)
FNDA:3,(anonymous_12)
FNDA:3,(anonymous_13)
FNDA:4,(anonymous_14)
FNDA:4,(anonymous_15)
FNDA:3,(anonymous_16)
FNDA:3,(anonymous_17)
FNDA:0,(anonymous_18)
DA:2,1
DA:5,1
DA:11,1
DA:12,1
DA:13,1
DA:15,1
DA:16,3
DA:18,3
DA:20,0
DA:23,3
DA:26,0
DA:37,3
DA:56,1
DA:60,1
DA:74,1
DA:78,2
DA:92,1
DA:93,3
DA:94,3
DA:105,1
DA:109,1
DA:110,1
DA:113,1
DA:116,1
DA:119,1
DA:122,3
DA:123,3
DA:125,3
DA:131,1
DA:132,4
DA:133,4
DA:135,4
DA:138,4
DA:141,1
DA:144,3
DA:146,3
DA:147,3
DA:149,3
DA:154,3
DA:155,3
DA:161,3
DA:175,3
DA:186,0
DA:187,0
DA:189,0
DA:190,0
DA:192,0
DA:199,3
DA:211,3
DA:223,3
DA:224,1
DA:229,2
DA:234,0
DA:235,0
DA:240,4
LF:55
LH:46
BRDA:16,0,0,0
BRDA:38,1,0,0
BRDA:38,1,1,3
BRDA:40,2,0,0
BRDA:40,2,1,0
BRDA:48,3,0,0
BRDA:48,3,1,3
BRDA:113,4,0,1
BRDA:113,4,1,0
BRDA:116,5,0,1
BRDA:116,5,1,0
BRDA:125,6,0,3
BRDA:125,6,1,3
BRDA:125,6,2,2
BRDA:138,7,0,1
BRDA:166,8,0,1
BRDA:166,8,1,2
BRDA:186,9,0,0
BRDA:186,9,1,0
BRDA:214,10,0,2
BRDA:214,10,1,1
BRDA:223,11,0,1
BRF:22
BRH:13
end_of_record
